[2025-02-14 15:09:15] [main] INFO  org.hibernate.jpa.internal.util.LogHelper - HHH000204: Processing PersistenceUnitInfo [name: AlumnosHibernateJPA]
[2025-02-14 15:09:15] [main] INFO  org.hibernate.Version - HHH000412: Hibernate ORM core version 6.6.6.Final
[2025-02-14 15:09:15] [main] INFO  org.hibernate.cfg.Environment - HHH000205: Loaded properties from resource hibernate.properties: {hibertante.connection.url=jdbc:mysql://37.187.37.143:3306/Alumnos16?serverTimeZone=UTC&useSSL=false&allowPublicKeyRetrieval=true, hibernate.format_sql=true, hibernate.hbm2ddl.auto=update, hibertante.connection.driver_class=com.mysql.cj.jdbc.Driver, hibernate.dialect=org.hibernate.dialect.MySQL8Dialect, hibernate.show_sql=true, hibernate.connection.password=****, hibernate.connection.username=root}
[2025-02-14 15:09:15] [main] WARN  org.hibernate.orm.deprecation - HHH90000021: Encountered deprecated setting [javax.persistence.jdbc.user], use [jakarta.persistence.jdbc.user] instead
[2025-02-14 15:09:15] [main] WARN  org.hibernate.orm.deprecation - HHH90000021: Encountered deprecated setting [javax.persistence.jdbc.password], use [jakarta.persistence.jdbc.password] instead
[2025-02-14 15:09:15] [main] WARN  org.hibernate.orm.deprecation - HHH90000021: Encountered deprecated setting [javax.persistence.jdbc.url], use [jakarta.persistence.jdbc.url] instead
[2025-02-14 15:09:15] [main] WARN  org.hibernate.orm.deprecation - HHH90000021: Encountered deprecated setting [javax.persistence.jdbc.driver], use [jakarta.persistence.jdbc.driver] instead
[2025-02-14 15:09:15] [main] INFO  org.hibernate.cache.internal.RegionFactoryInitiator - HHH000026: Second-level cache disabled
[2025-02-14 15:09:16] [main] WARN  org.hibernate.orm.connections.pooling - HHH10001002: Using built-in connection pool (not intended for production use)
[2025-02-14 15:09:17] [main] WARN  org.hibernate.orm.deprecation - HHH90000025: MySQL8Dialect does not need to be specified explicitly using 'hibernate.dialect' (remove the property setting and it will be selected by default)
[2025-02-14 15:09:17] [main] WARN  org.hibernate.orm.deprecation - HHH90000026: MySQL8Dialect has been deprecated; use org.hibernate.dialect.MySQLDialect instead
[2025-02-14 15:09:17] [main] INFO  org.hibernate.orm.connections.pooling - HHH10001005: Database info:
	Database JDBC URL [jdbc:mysql://37.187.37.143:3306/Alumnos16?zeroDateTimeBehavior=CONVERT_TO_NULL]
	Database driver: com.mysql.cj.jdbc.Driver
	Database version: 8.0
	Autocommit mode: false
	Isolation level: undefined/unknown
	Minimum pool size: 1
	Maximum pool size: 20
[2025-02-14 15:09:19] [main] INFO  org.hibernate.engine.transaction.jta.platform.internal.JtaPlatformInitiator - HHH000489: No JTA platform available (set 'hibernate.transaction.jta.platform' to enable JTA platform integration)
[2025-02-14 15:09:19] [main] INFO  org.hibernate.orm.connections.access - HHH10001501: Connection obtained from JdbcConnectionAccess [org.hibernate.engine.jdbc.env.internal.JdbcEnvironmentInitiator$ConnectionProviderJdbcConnectionAccess@320ff86f] for (non-JTA) DDL execution was not in auto-commit mode; the Connection 'local transaction' will be committed and the Connection will be set into auto-commit mode.
[2025-02-14 15:09:24] [main] ERROR com.mycompany.tarea17.model.dao.utils.FicheroBinario - No se ha podido escribir en el fichero binariojava.io.EOFException
[2025-02-14 15:09:25] [main] ERROR com.mycompany.tarea17.model.dao.AlumnoDAOImpl - No se ha podido insertar en la base de datos.AlumnoHB{nia=1, nombre=Mihai, apellidos=Stinga, genero=M, fechaDeNacimiento=1995-07-17GrupoHB{grupo=4, ciclo=DAM, curso=Segundo}}
jakarta.persistence.EntityExistsException: detached entity passed to persist: com.mycompany.tarea17.model.entities.AlumnoHB
	at org.hibernate.internal.ExceptionConverterImpl.convert(ExceptionConverterImpl.java:126) ~[hibernate-core-6.6.6.Final.jar:6.6.6.Final]
	at org.hibernate.internal.ExceptionConverterImpl.convert(ExceptionConverterImpl.java:167) ~[hibernate-core-6.6.6.Final.jar:6.6.6.Final]
	at org.hibernate.internal.ExceptionConverterImpl.convert(ExceptionConverterImpl.java:173) ~[hibernate-core-6.6.6.Final.jar:6.6.6.Final]
	at org.hibernate.internal.SessionImpl.firePersist(SessionImpl.java:767) ~[hibernate-core-6.6.6.Final.jar:6.6.6.Final]
	at org.hibernate.internal.SessionImpl.persist(SessionImpl.java:745) ~[hibernate-core-6.6.6.Final.jar:6.6.6.Final]
	at com.mycompany.tarea17.model.dao.AlumnoDAOImplHibernate.insertar(AlumnoDAOImplHibernate.java:40) ~[classes/:?]
	at com.mycompany.tarea17.controller.Controller.lambda$guardarAlumnosDeFicheroBinarioADB$4(Controller.java:446) ~[classes/:?]
	at java.base/java.util.ArrayList.forEach(ArrayList.java:1597) [?:?]
	at com.mycompany.tarea17.controller.Controller.guardarAlumnosDeFicheroBinarioADB(Controller.java:430) [classes/:?]
	at com.mycompany.tarea17.controller.Controller.ejecutar(Controller.java:56) [classes/:?]
	at com.mycompany.tarea17.controller.Ejecutador2.main(Ejecutador2.java:33) [classes/:?]
Caused by: org.hibernate.PersistentObjectException: detached entity passed to persist: com.mycompany.tarea17.model.entities.AlumnoHB
	at org.hibernate.event.internal.DefaultPersistEventListener.persist(DefaultPersistEventListener.java:90) ~[hibernate-core-6.6.6.Final.jar:6.6.6.Final]
	at org.hibernate.event.internal.DefaultPersistEventListener.onPersist(DefaultPersistEventListener.java:79) ~[hibernate-core-6.6.6.Final.jar:6.6.6.Final]
	at org.hibernate.event.internal.DefaultPersistEventListener.onPersist(DefaultPersistEventListener.java:55) ~[hibernate-core-6.6.6.Final.jar:6.6.6.Final]
	at org.hibernate.event.service.internal.EventListenerGroupImpl.fireEventOnEachListener(EventListenerGroupImpl.java:127) ~[hibernate-core-6.6.6.Final.jar:6.6.6.Final]
	at org.hibernate.internal.SessionImpl.firePersist(SessionImpl.java:761) ~[hibernate-core-6.6.6.Final.jar:6.6.6.Final]
	... 7 more
[2025-02-14 15:42:43] [main] INFO  org.hibernate.jpa.internal.util.LogHelper - HHH000204: Processing PersistenceUnitInfo [name: AlumnosHibernateJPA]
[2025-02-14 15:42:43] [main] INFO  org.hibernate.Version - HHH000412: Hibernate ORM core version 6.6.6.Final
[2025-02-14 15:42:43] [main] INFO  org.hibernate.cfg.Environment - HHH000205: Loaded properties from resource hibernate.properties: {hibertante.connection.url=jdbc:mysql://37.187.37.143:3306/Alumnos16?serverTimeZone=UTC&useSSL=false&allowPublicKeyRetrieval=true, hibernate.format_sql=true, hibernate.hbm2ddl.auto=update, hibertante.connection.driver_class=com.mysql.cj.jdbc.Driver, hibernate.dialect=org.hibernate.dialect.MySQL8Dialect, hibernate.show_sql=true, hibernate.connection.password=****, hibernate.connection.username=root}
[2025-02-14 15:42:43] [main] INFO  org.hibernate.cache.internal.RegionFactoryInitiator - HHH000026: Second-level cache disabled
[2025-02-14 15:42:43] [main] WARN  org.hibernate.orm.connections.pooling - HHH10001002: Using built-in connection pool (not intended for production use)
[2025-02-14 15:42:45] [main] WARN  org.hibernate.orm.deprecation - HHH90000025: MySQL8Dialect does not need to be specified explicitly using 'hibernate.dialect' (remove the property setting and it will be selected by default)
[2025-02-14 15:42:45] [main] WARN  org.hibernate.orm.deprecation - HHH90000026: MySQL8Dialect has been deprecated; use org.hibernate.dialect.MySQLDialect instead
[2025-02-14 15:42:45] [main] INFO  org.hibernate.orm.connections.pooling - HHH10001005: Database info:
	Database JDBC URL [jdbc:mysql://37.187.37.143:3306/Alumnos16?zeroDateTimeBehavior=CONVERT_TO_NULL]
	Database driver: com.mysql.cj.jdbc.Driver
	Database version: 8.0
	Autocommit mode: false
	Isolation level: undefined/unknown
	Minimum pool size: 1
	Maximum pool size: 20
[2025-02-14 15:42:47] [main] INFO  org.hibernate.engine.transaction.jta.platform.internal.JtaPlatformInitiator - HHH000489: No JTA platform available (set 'hibernate.transaction.jta.platform' to enable JTA platform integration)
[2025-02-14 15:42:47] [main] INFO  org.hibernate.orm.connections.access - HHH10001501: Connection obtained from JdbcConnectionAccess [org.hibernate.engine.jdbc.env.internal.JdbcEnvironmentInitiator$ConnectionProviderJdbcConnectionAccess@192b472d] for (non-JTA) DDL execution was not in auto-commit mode; the Connection 'local transaction' will be committed and the Connection will be set into auto-commit mode.
[2025-02-14 15:42:50] [main] ERROR com.mycompany.tarea17.model.dao.utils.FicheroBinario - No se ha podido escribir en el fichero binariojava.io.EOFException
[2025-02-14 15:43:20] [main] ERROR com.mycompany.tarea17.model.dao.utils.FicheroBinario - No se ha podido escribir en el fichero binariojava.io.EOFException
[2025-02-14 16:02:06] [main] ERROR com.mycompany.tarea17.model.dao.utils.FicheroBinario - No se ha podido escribir en el fichero binariojava.io.EOFException
[2025-02-14 16:02:33] [main] ERROR com.mycompany.tarea17.model.dao.utils.FicheroBinario - No se ha podido escribir en el fichero binariojava.io.EOFException
[2025-02-14 16:02:42] [main] ERROR com.mycompany.tarea17.model.dao.utils.FicheroBinario - No se ha podido escribir en el fichero binariojava.io.EOFException
[2025-02-14 16:20:38] [main] ERROR com.mycompany.tarea17.model.dao.utils.FicheroBinario - No se ha podido escribir en el fichero binariojava.io.EOFException
[2025-02-14 16:20:38] [main] ERROR com.mycompany.tarea17.model.dao.AlumnoDAOImpl - No se ha podido buscar el grupojakarta.persistence.NoResultException: No result found for query [SELECT g FROM Grupo g WHERE g.ciclo = :ciclo AND g.curso = :curso]
[2025-02-14 16:20:38] [main] ERROR com.mycompany.tarea17.model.dao.AlumnoDAOImpl - No se ha podido insertar el grupoGrupoHB{grupo=4, ciclo=DAM, curso=Segundo}
jakarta.persistence.EntityExistsException: detached entity passed to persist: com.mycompany.tarea17.model.entities.GrupoHB
	at org.hibernate.internal.ExceptionConverterImpl.convert(ExceptionConverterImpl.java:126) ~[hibernate-core-6.6.6.Final.jar:6.6.6.Final]
	at org.hibernate.internal.ExceptionConverterImpl.convert(ExceptionConverterImpl.java:167) ~[hibernate-core-6.6.6.Final.jar:6.6.6.Final]
	at org.hibernate.internal.ExceptionConverterImpl.convert(ExceptionConverterImpl.java:173) ~[hibernate-core-6.6.6.Final.jar:6.6.6.Final]
	at org.hibernate.internal.SessionImpl.firePersist(SessionImpl.java:767) ~[hibernate-core-6.6.6.Final.jar:6.6.6.Final]
	at org.hibernate.internal.SessionImpl.persist(SessionImpl.java:745) ~[hibernate-core-6.6.6.Final.jar:6.6.6.Final]
	at com.mycompany.tarea17.model.dao.GrupoDAOImplHibernate.insertar(GrupoDAOImplHibernate.java:38) ~[classes/:?]
	at com.mycompany.tarea17.controller.Controller.lambda$guardarAlumnosDeFicheroBinarioADB$4(Controller.java:438) ~[classes/:?]
	at java.base/java.util.ArrayList.forEach(ArrayList.java:1597) [?:?]
	at com.mycompany.tarea17.controller.Controller.guardarAlumnosDeFicheroBinarioADB(Controller.java:430) [classes/:?]
	at com.mycompany.tarea17.controller.Controller.ejecutar(Controller.java:56) [classes/:?]
	at com.mycompany.tarea17.controller.Ejecutador2.main(Ejecutador2.java:33) [classes/:?]
Caused by: org.hibernate.PersistentObjectException: detached entity passed to persist: com.mycompany.tarea17.model.entities.GrupoHB
	at org.hibernate.event.internal.DefaultPersistEventListener.persist(DefaultPersistEventListener.java:90) ~[hibernate-core-6.6.6.Final.jar:6.6.6.Final]
	at org.hibernate.event.internal.DefaultPersistEventListener.onPersist(DefaultPersistEventListener.java:79) ~[hibernate-core-6.6.6.Final.jar:6.6.6.Final]
	at org.hibernate.event.internal.DefaultPersistEventListener.onPersist(DefaultPersistEventListener.java:55) ~[hibernate-core-6.6.6.Final.jar:6.6.6.Final]
	at org.hibernate.event.service.internal.EventListenerGroupImpl.fireEventOnEachListener(EventListenerGroupImpl.java:127) ~[hibernate-core-6.6.6.Final.jar:6.6.6.Final]
	at org.hibernate.internal.SessionImpl.firePersist(SessionImpl.java:761) ~[hibernate-core-6.6.6.Final.jar:6.6.6.Final]
	... 7 more
[2025-02-14 16:20:38] [main] ERROR com.mycompany.tarea17.model.dao.AlumnoDAOImpl - No se ha podido buscar el grupojakarta.persistence.NoResultException: No result found for query [SELECT g FROM Grupo g WHERE g.ciclo = :ciclo AND g.curso = :curso]
[2025-02-14 16:20:38] [main] ERROR com.mycompany.tarea17.model.dao.AlumnoDAOImpl - No se ha podido buscar el grupojakarta.persistence.NoResultException: No result found for query [SELECT g FROM Grupo g WHERE g.ciclo = :ciclo AND g.curso = :curso]
[2025-02-14 16:20:38] [main] ERROR com.mycompany.tarea17.model.dao.AlumnoDAOImpl - No se ha podido insertar el grupoGrupoHB{grupo=4, ciclo=DAM, curso=Segundo}
jakarta.persistence.EntityExistsException: detached entity passed to persist: com.mycompany.tarea17.model.entities.GrupoHB
	at org.hibernate.internal.ExceptionConverterImpl.convert(ExceptionConverterImpl.java:126) ~[hibernate-core-6.6.6.Final.jar:6.6.6.Final]
	at org.hibernate.internal.ExceptionConverterImpl.convert(ExceptionConverterImpl.java:167) ~[hibernate-core-6.6.6.Final.jar:6.6.6.Final]
	at org.hibernate.internal.ExceptionConverterImpl.convert(ExceptionConverterImpl.java:173) ~[hibernate-core-6.6.6.Final.jar:6.6.6.Final]
	at org.hibernate.internal.SessionImpl.firePersist(SessionImpl.java:767) ~[hibernate-core-6.6.6.Final.jar:6.6.6.Final]
	at org.hibernate.internal.SessionImpl.persist(SessionImpl.java:745) ~[hibernate-core-6.6.6.Final.jar:6.6.6.Final]
	at com.mycompany.tarea17.model.dao.GrupoDAOImplHibernate.insertar(GrupoDAOImplHibernate.java:38) ~[classes/:?]
	at com.mycompany.tarea17.controller.Controller.lambda$guardarAlumnosDeFicheroBinarioADB$4(Controller.java:438) ~[classes/:?]
	at java.base/java.util.ArrayList.forEach(ArrayList.java:1597) [?:?]
	at com.mycompany.tarea17.controller.Controller.guardarAlumnosDeFicheroBinarioADB(Controller.java:430) [classes/:?]
	at com.mycompany.tarea17.controller.Controller.ejecutar(Controller.java:56) [classes/:?]
	at com.mycompany.tarea17.controller.Ejecutador2.main(Ejecutador2.java:33) [classes/:?]
Caused by: org.hibernate.PersistentObjectException: detached entity passed to persist: com.mycompany.tarea17.model.entities.GrupoHB
	at org.hibernate.event.internal.DefaultPersistEventListener.persist(DefaultPersistEventListener.java:90) ~[hibernate-core-6.6.6.Final.jar:6.6.6.Final]
	at org.hibernate.event.internal.DefaultPersistEventListener.onPersist(DefaultPersistEventListener.java:79) ~[hibernate-core-6.6.6.Final.jar:6.6.6.Final]
	at org.hibernate.event.internal.DefaultPersistEventListener.onPersist(DefaultPersistEventListener.java:55) ~[hibernate-core-6.6.6.Final.jar:6.6.6.Final]
	at org.hibernate.event.service.internal.EventListenerGroupImpl.fireEventOnEachListener(EventListenerGroupImpl.java:127) ~[hibernate-core-6.6.6.Final.jar:6.6.6.Final]
	at org.hibernate.internal.SessionImpl.firePersist(SessionImpl.java:761) ~[hibernate-core-6.6.6.Final.jar:6.6.6.Final]
	... 7 more
[2025-02-14 16:20:39] [main] ERROR com.mycompany.tarea17.model.dao.AlumnoDAOImpl - No se ha podido buscar el grupojakarta.persistence.NoResultException: No result found for query [SELECT g FROM Grupo g WHERE g.ciclo = :ciclo AND g.curso = :curso]
[2025-02-14 16:20:39] [main] ERROR com.mycompany.tarea17.model.dao.AlumnoDAOImpl - No se ha podido buscar el grupojakarta.persistence.NoResultException: No result found for query [SELECT g FROM Grupo g WHERE g.ciclo = :ciclo AND g.curso = :curso]
[2025-02-14 16:20:39] [main] ERROR com.mycompany.tarea17.model.dao.AlumnoDAOImpl - No se ha podido insertar el grupoGrupoHB{grupo=4, ciclo=DAM, curso=Segundo}
jakarta.persistence.EntityExistsException: detached entity passed to persist: com.mycompany.tarea17.model.entities.GrupoHB
	at org.hibernate.internal.ExceptionConverterImpl.convert(ExceptionConverterImpl.java:126) ~[hibernate-core-6.6.6.Final.jar:6.6.6.Final]
	at org.hibernate.internal.ExceptionConverterImpl.convert(ExceptionConverterImpl.java:167) ~[hibernate-core-6.6.6.Final.jar:6.6.6.Final]
	at org.hibernate.internal.ExceptionConverterImpl.convert(ExceptionConverterImpl.java:173) ~[hibernate-core-6.6.6.Final.jar:6.6.6.Final]
	at org.hibernate.internal.SessionImpl.firePersist(SessionImpl.java:767) ~[hibernate-core-6.6.6.Final.jar:6.6.6.Final]
	at org.hibernate.internal.SessionImpl.persist(SessionImpl.java:745) ~[hibernate-core-6.6.6.Final.jar:6.6.6.Final]
	at com.mycompany.tarea17.model.dao.GrupoDAOImplHibernate.insertar(GrupoDAOImplHibernate.java:38) ~[classes/:?]
	at com.mycompany.tarea17.controller.Controller.lambda$guardarAlumnosDeFicheroBinarioADB$4(Controller.java:438) ~[classes/:?]
	at java.base/java.util.ArrayList.forEach(ArrayList.java:1597) [?:?]
	at com.mycompany.tarea17.controller.Controller.guardarAlumnosDeFicheroBinarioADB(Controller.java:430) [classes/:?]
	at com.mycompany.tarea17.controller.Controller.ejecutar(Controller.java:56) [classes/:?]
	at com.mycompany.tarea17.controller.Ejecutador2.main(Ejecutador2.java:33) [classes/:?]
Caused by: org.hibernate.PersistentObjectException: detached entity passed to persist: com.mycompany.tarea17.model.entities.GrupoHB
	at org.hibernate.event.internal.DefaultPersistEventListener.persist(DefaultPersistEventListener.java:90) ~[hibernate-core-6.6.6.Final.jar:6.6.6.Final]
	at org.hibernate.event.internal.DefaultPersistEventListener.onPersist(DefaultPersistEventListener.java:79) ~[hibernate-core-6.6.6.Final.jar:6.6.6.Final]
	at org.hibernate.event.internal.DefaultPersistEventListener.onPersist(DefaultPersistEventListener.java:55) ~[hibernate-core-6.6.6.Final.jar:6.6.6.Final]
	at org.hibernate.event.service.internal.EventListenerGroupImpl.fireEventOnEachListener(EventListenerGroupImpl.java:127) ~[hibernate-core-6.6.6.Final.jar:6.6.6.Final]
	at org.hibernate.internal.SessionImpl.firePersist(SessionImpl.java:761) ~[hibernate-core-6.6.6.Final.jar:6.6.6.Final]
	... 7 more
[2025-02-14 16:20:39] [main] ERROR com.mycompany.tarea17.model.dao.AlumnoDAOImpl - No se ha podido buscar el grupojakarta.persistence.NoResultException: No result found for query [SELECT g FROM Grupo g WHERE g.ciclo = :ciclo AND g.curso = :curso]
[2025-02-14 16:20:40] [main] ERROR com.mycompany.tarea17.model.dao.AlumnoDAOImpl - No se ha podido buscar el grupojakarta.persistence.NoResultException: No result found for query [SELECT g FROM Grupo g WHERE g.ciclo = :ciclo AND g.curso = :curso]
[2025-02-14 16:20:40] [main] ERROR com.mycompany.tarea17.model.dao.AlumnoDAOImpl - No se ha podido insertar el grupoGrupoHB{grupo=4, ciclo=DAM, curso=Segundo}
jakarta.persistence.EntityExistsException: detached entity passed to persist: com.mycompany.tarea17.model.entities.GrupoHB
	at org.hibernate.internal.ExceptionConverterImpl.convert(ExceptionConverterImpl.java:126) ~[hibernate-core-6.6.6.Final.jar:6.6.6.Final]
	at org.hibernate.internal.ExceptionConverterImpl.convert(ExceptionConverterImpl.java:167) ~[hibernate-core-6.6.6.Final.jar:6.6.6.Final]
	at org.hibernate.internal.ExceptionConverterImpl.convert(ExceptionConverterImpl.java:173) ~[hibernate-core-6.6.6.Final.jar:6.6.6.Final]
	at org.hibernate.internal.SessionImpl.firePersist(SessionImpl.java:767) ~[hibernate-core-6.6.6.Final.jar:6.6.6.Final]
	at org.hibernate.internal.SessionImpl.persist(SessionImpl.java:745) ~[hibernate-core-6.6.6.Final.jar:6.6.6.Final]
	at com.mycompany.tarea17.model.dao.GrupoDAOImplHibernate.insertar(GrupoDAOImplHibernate.java:38) ~[classes/:?]
	at com.mycompany.tarea17.controller.Controller.lambda$guardarAlumnosDeFicheroBinarioADB$4(Controller.java:438) ~[classes/:?]
	at java.base/java.util.ArrayList.forEach(ArrayList.java:1597) [?:?]
	at com.mycompany.tarea17.controller.Controller.guardarAlumnosDeFicheroBinarioADB(Controller.java:430) [classes/:?]
	at com.mycompany.tarea17.controller.Controller.ejecutar(Controller.java:56) [classes/:?]
	at com.mycompany.tarea17.controller.Ejecutador2.main(Ejecutador2.java:33) [classes/:?]
Caused by: org.hibernate.PersistentObjectException: detached entity passed to persist: com.mycompany.tarea17.model.entities.GrupoHB
	at org.hibernate.event.internal.DefaultPersistEventListener.persist(DefaultPersistEventListener.java:90) ~[hibernate-core-6.6.6.Final.jar:6.6.6.Final]
	at org.hibernate.event.internal.DefaultPersistEventListener.onPersist(DefaultPersistEventListener.java:79) ~[hibernate-core-6.6.6.Final.jar:6.6.6.Final]
	at org.hibernate.event.internal.DefaultPersistEventListener.onPersist(DefaultPersistEventListener.java:55) ~[hibernate-core-6.6.6.Final.jar:6.6.6.Final]
	at org.hibernate.event.service.internal.EventListenerGroupImpl.fireEventOnEachListener(EventListenerGroupImpl.java:127) ~[hibernate-core-6.6.6.Final.jar:6.6.6.Final]
	at org.hibernate.internal.SessionImpl.firePersist(SessionImpl.java:761) ~[hibernate-core-6.6.6.Final.jar:6.6.6.Final]
	... 7 more
[2025-02-14 16:20:40] [main] ERROR com.mycompany.tarea17.model.dao.AlumnoDAOImpl - No se ha podido buscar el grupojakarta.persistence.NoResultException: No result found for query [SELECT g FROM Grupo g WHERE g.ciclo = :ciclo AND g.curso = :curso]
[2025-02-14 16:20:40] [main] ERROR com.mycompany.tarea17.model.dao.AlumnoDAOImpl - No se ha podido buscar el grupojakarta.persistence.NoResultException: No result found for query [SELECT g FROM Grupo g WHERE g.ciclo = :ciclo AND g.curso = :curso]
[2025-02-14 16:20:40] [main] ERROR com.mycompany.tarea17.model.dao.AlumnoDAOImpl - No se ha podido insertar el grupoGrupoHB{grupo=4, ciclo=DAM, curso=Segundo}
jakarta.persistence.EntityExistsException: detached entity passed to persist: com.mycompany.tarea17.model.entities.GrupoHB
	at org.hibernate.internal.ExceptionConverterImpl.convert(ExceptionConverterImpl.java:126) ~[hibernate-core-6.6.6.Final.jar:6.6.6.Final]
	at org.hibernate.internal.ExceptionConverterImpl.convert(ExceptionConverterImpl.java:167) ~[hibernate-core-6.6.6.Final.jar:6.6.6.Final]
	at org.hibernate.internal.ExceptionConverterImpl.convert(ExceptionConverterImpl.java:173) ~[hibernate-core-6.6.6.Final.jar:6.6.6.Final]
	at org.hibernate.internal.SessionImpl.firePersist(SessionImpl.java:767) ~[hibernate-core-6.6.6.Final.jar:6.6.6.Final]
	at org.hibernate.internal.SessionImpl.persist(SessionImpl.java:745) ~[hibernate-core-6.6.6.Final.jar:6.6.6.Final]
	at com.mycompany.tarea17.model.dao.GrupoDAOImplHibernate.insertar(GrupoDAOImplHibernate.java:38) ~[classes/:?]
	at com.mycompany.tarea17.controller.Controller.lambda$guardarAlumnosDeFicheroBinarioADB$4(Controller.java:438) ~[classes/:?]
	at java.base/java.util.ArrayList.forEach(ArrayList.java:1597) [?:?]
	at com.mycompany.tarea17.controller.Controller.guardarAlumnosDeFicheroBinarioADB(Controller.java:430) [classes/:?]
	at com.mycompany.tarea17.controller.Controller.ejecutar(Controller.java:56) [classes/:?]
	at com.mycompany.tarea17.controller.Ejecutador2.main(Ejecutador2.java:33) [classes/:?]
Caused by: org.hibernate.PersistentObjectException: detached entity passed to persist: com.mycompany.tarea17.model.entities.GrupoHB
	at org.hibernate.event.internal.DefaultPersistEventListener.persist(DefaultPersistEventListener.java:90) ~[hibernate-core-6.6.6.Final.jar:6.6.6.Final]
	at org.hibernate.event.internal.DefaultPersistEventListener.onPersist(DefaultPersistEventListener.java:79) ~[hibernate-core-6.6.6.Final.jar:6.6.6.Final]
	at org.hibernate.event.internal.DefaultPersistEventListener.onPersist(DefaultPersistEventListener.java:55) ~[hibernate-core-6.6.6.Final.jar:6.6.6.Final]
	at org.hibernate.event.service.internal.EventListenerGroupImpl.fireEventOnEachListener(EventListenerGroupImpl.java:127) ~[hibernate-core-6.6.6.Final.jar:6.6.6.Final]
	at org.hibernate.internal.SessionImpl.firePersist(SessionImpl.java:761) ~[hibernate-core-6.6.6.Final.jar:6.6.6.Final]
	... 7 more
[2025-02-14 16:20:41] [main] ERROR com.mycompany.tarea17.model.dao.AlumnoDAOImpl - No se ha podido buscar el grupojakarta.persistence.NoResultException: No result found for query [SELECT g FROM Grupo g WHERE g.ciclo = :ciclo AND g.curso = :curso]
[2025-02-14 16:20:41] [main] ERROR com.mycompany.tarea17.model.dao.AlumnoDAOImpl - No se ha podido buscar el grupojakarta.persistence.NoResultException: No result found for query [SELECT g FROM Grupo g WHERE g.ciclo = :ciclo AND g.curso = :curso]
[2025-02-14 16:20:41] [main] ERROR com.mycompany.tarea17.model.dao.AlumnoDAOImpl - No se ha podido insertar el grupoGrupoHB{grupo=4, ciclo=DAM, curso=Segundo}
jakarta.persistence.EntityExistsException: detached entity passed to persist: com.mycompany.tarea17.model.entities.GrupoHB
	at org.hibernate.internal.ExceptionConverterImpl.convert(ExceptionConverterImpl.java:126) ~[hibernate-core-6.6.6.Final.jar:6.6.6.Final]
	at org.hibernate.internal.ExceptionConverterImpl.convert(ExceptionConverterImpl.java:167) ~[hibernate-core-6.6.6.Final.jar:6.6.6.Final]
	at org.hibernate.internal.ExceptionConverterImpl.convert(ExceptionConverterImpl.java:173) ~[hibernate-core-6.6.6.Final.jar:6.6.6.Final]
	at org.hibernate.internal.SessionImpl.firePersist(SessionImpl.java:767) ~[hibernate-core-6.6.6.Final.jar:6.6.6.Final]
	at org.hibernate.internal.SessionImpl.persist(SessionImpl.java:745) ~[hibernate-core-6.6.6.Final.jar:6.6.6.Final]
	at com.mycompany.tarea17.model.dao.GrupoDAOImplHibernate.insertar(GrupoDAOImplHibernate.java:38) ~[classes/:?]
	at com.mycompany.tarea17.controller.Controller.lambda$guardarAlumnosDeFicheroBinarioADB$4(Controller.java:438) ~[classes/:?]
	at java.base/java.util.ArrayList.forEach(ArrayList.java:1597) [?:?]
	at com.mycompany.tarea17.controller.Controller.guardarAlumnosDeFicheroBinarioADB(Controller.java:430) [classes/:?]
	at com.mycompany.tarea17.controller.Controller.ejecutar(Controller.java:56) [classes/:?]
	at com.mycompany.tarea17.controller.Ejecutador2.main(Ejecutador2.java:33) [classes/:?]
Caused by: org.hibernate.PersistentObjectException: detached entity passed to persist: com.mycompany.tarea17.model.entities.GrupoHB
	at org.hibernate.event.internal.DefaultPersistEventListener.persist(DefaultPersistEventListener.java:90) ~[hibernate-core-6.6.6.Final.jar:6.6.6.Final]
	at org.hibernate.event.internal.DefaultPersistEventListener.onPersist(DefaultPersistEventListener.java:79) ~[hibernate-core-6.6.6.Final.jar:6.6.6.Final]
	at org.hibernate.event.internal.DefaultPersistEventListener.onPersist(DefaultPersistEventListener.java:55) ~[hibernate-core-6.6.6.Final.jar:6.6.6.Final]
	at org.hibernate.event.service.internal.EventListenerGroupImpl.fireEventOnEachListener(EventListenerGroupImpl.java:127) ~[hibernate-core-6.6.6.Final.jar:6.6.6.Final]
	at org.hibernate.internal.SessionImpl.firePersist(SessionImpl.java:761) ~[hibernate-core-6.6.6.Final.jar:6.6.6.Final]
	... 7 more
[2025-02-14 16:20:41] [main] ERROR com.mycompany.tarea17.model.dao.AlumnoDAOImpl - No se ha podido buscar el grupojakarta.persistence.NoResultException: No result found for query [SELECT g FROM Grupo g WHERE g.ciclo = :ciclo AND g.curso = :curso]
[2025-02-14 16:20:45] [main] ERROR com.mycompany.tarea17.model.dao.utils.FicheroBinario - No se ha podido escribir en el fichero binariojava.io.EOFException
[2025-02-14 16:37:36] [main] INFO  org.hibernate.jpa.internal.util.LogHelper - HHH000204: Processing PersistenceUnitInfo [name: AlumnosHibernateJPA]
[2025-02-14 16:37:36] [main] INFO  org.hibernate.Version - HHH000412: Hibernate ORM core version 6.6.6.Final
[2025-02-14 16:37:36] [main] INFO  org.hibernate.cfg.Environment - HHH000205: Loaded properties from resource hibernate.properties: {hibertante.connection.url=jdbc:mysql://37.187.37.143:3306/Alumnos16?serverTimeZone=UTC&useSSL=false&allowPublicKeyRetrieval=true, hibernate.format_sql=true, hibernate.hbm2ddl.auto=update, hibertante.connection.driver_class=com.mysql.cj.jdbc.Driver, hibernate.dialect=org.hibernate.dialect.MySQL8Dialect, hibernate.show_sql=true, hibernate.connection.password=****, hibernate.connection.username=root}
[2025-02-14 16:37:36] [main] INFO  org.hibernate.cache.internal.RegionFactoryInitiator - HHH000026: Second-level cache disabled
[2025-02-14 16:37:37] [main] WARN  org.hibernate.orm.connections.pooling - HHH10001002: Using built-in connection pool (not intended for production use)
[2025-02-14 16:37:38] [main] WARN  org.hibernate.orm.deprecation - HHH90000025: MySQL8Dialect does not need to be specified explicitly using 'hibernate.dialect' (remove the property setting and it will be selected by default)
[2025-02-14 16:37:38] [main] WARN  org.hibernate.orm.deprecation - HHH90000026: MySQL8Dialect has been deprecated; use org.hibernate.dialect.MySQLDialect instead
[2025-02-14 16:37:38] [main] INFO  org.hibernate.orm.connections.pooling - HHH10001005: Database info:
	Database JDBC URL [jdbc:mysql://37.187.37.143:3306/Alumnos16?zeroDateTimeBehavior=CONVERT_TO_NULL]
	Database driver: com.mysql.cj.jdbc.Driver
	Database version: 8.0
	Autocommit mode: false
	Isolation level: undefined/unknown
	Minimum pool size: 1
	Maximum pool size: 20
[2025-02-14 16:37:40] [main] INFO  org.hibernate.engine.transaction.jta.platform.internal.JtaPlatformInitiator - HHH000489: No JTA platform available (set 'hibernate.transaction.jta.platform' to enable JTA platform integration)
[2025-02-14 16:37:40] [main] INFO  org.hibernate.orm.connections.access - HHH10001501: Connection obtained from JdbcConnectionAccess [org.hibernate.engine.jdbc.env.internal.JdbcEnvironmentInitiator$ConnectionProviderJdbcConnectionAccess@320ff86f] for (non-JTA) DDL execution was not in auto-commit mode; the Connection 'local transaction' will be committed and the Connection will be set into auto-commit mode.
[2025-02-14 16:37:43] [main] ERROR com.mycompany.tarea17.model.dao.utils.FicheroBinario - No se ha podido escribir en el fichero binariojava.io.EOFException
[2025-02-14 16:39:10] [main] ERROR com.mycompany.tarea17.model.dao.utils.FicheroBinario - No se ha podido escribir en el fichero binariojava.io.EOFException
[2025-02-14 16:39:10] [main] ERROR com.mycompany.tarea17.model.dao.AlumnoDAOImpl - No se ha podido buscar el grupojakarta.persistence.NoResultException: No result found for query [SELECT g FROM Grupo g WHERE g.ciclo = :ciclo AND g.curso = :curso]
[2025-02-14 16:46:51] [main] INFO  org.hibernate.jpa.internal.util.LogHelper - HHH000204: Processing PersistenceUnitInfo [name: AlumnosHibernateJPA]
[2025-02-14 16:46:51] [main] INFO  org.hibernate.Version - HHH000412: Hibernate ORM core version 6.6.6.Final
[2025-02-14 16:46:51] [main] INFO  org.hibernate.cfg.Environment - HHH000205: Loaded properties from resource hibernate.properties: {hibertante.connection.url=jdbc:mysql://37.187.37.143:3306/Alumnos16?serverTimeZone=UTC&useSSL=false&allowPublicKeyRetrieval=true, hibernate.format_sql=true, hibernate.hbm2ddl.auto=update, hibertante.connection.driver_class=com.mysql.cj.jdbc.Driver, hibernate.dialect=org.hibernate.dialect.MySQL8Dialect, hibernate.show_sql=true, hibernate.connection.password=****, hibernate.connection.username=root}
[2025-02-14 16:46:51] [main] INFO  org.hibernate.cache.internal.RegionFactoryInitiator - HHH000026: Second-level cache disabled
[2025-02-14 16:46:52] [main] WARN  org.hibernate.orm.connections.pooling - HHH10001002: Using built-in connection pool (not intended for production use)
[2025-02-14 16:46:53] [main] WARN  org.hibernate.orm.deprecation - HHH90000025: MySQL8Dialect does not need to be specified explicitly using 'hibernate.dialect' (remove the property setting and it will be selected by default)
[2025-02-14 16:46:53] [main] WARN  org.hibernate.orm.deprecation - HHH90000026: MySQL8Dialect has been deprecated; use org.hibernate.dialect.MySQLDialect instead
[2025-02-14 16:46:53] [main] INFO  org.hibernate.orm.connections.pooling - HHH10001005: Database info:
	Database JDBC URL [jdbc:mysql://37.187.37.143:3306/Alumnos16?zeroDateTimeBehavior=CONVERT_TO_NULL]
	Database driver: com.mysql.cj.jdbc.Driver
	Database version: 8.0
	Autocommit mode: false
	Isolation level: undefined/unknown
	Minimum pool size: 1
	Maximum pool size: 20
[2025-02-14 16:46:55] [main] INFO  org.hibernate.engine.transaction.jta.platform.internal.JtaPlatformInitiator - HHH000489: No JTA platform available (set 'hibernate.transaction.jta.platform' to enable JTA platform integration)
[2025-02-14 16:46:55] [main] INFO  org.hibernate.orm.connections.access - HHH10001501: Connection obtained from JdbcConnectionAccess [org.hibernate.engine.jdbc.env.internal.JdbcEnvironmentInitiator$ConnectionProviderJdbcConnectionAccess@320ff86f] for (non-JTA) DDL execution was not in auto-commit mode; the Connection 'local transaction' will be committed and the Connection will be set into auto-commit mode.
[2025-02-14 16:46:58] [main] ERROR com.mycompany.tarea17.model.dao.utils.FicheroBinario - No se ha podido escribir en el fichero binariojava.io.EOFException
[2025-02-14 16:46:59] [main] ERROR com.mycompany.tarea17.model.dao.AlumnoDAOImpl - No se ha podido buscar el grupojakarta.persistence.NoResultException: No result found for query [SELECT g FROM Grupo g WHERE g.ciclo = :ciclo AND g.curso = :curso]
[2025-02-14 16:47:52] [main] ERROR com.mycompany.tarea17.model.dao.utils.FicheroBinario - No se ha podido escribir en el fichero binariojava.io.EOFException
[2025-02-14 16:47:52] [main] ERROR com.mycompany.tarea17.model.dao.AlumnoDAOImpl - No se ha podido buscar el grupojakarta.persistence.NoResultException: No result found for query [SELECT g FROM Grupo g WHERE g.ciclo = :ciclo AND g.curso = :curso]
[2025-02-14 16:48:40] [main] ERROR com.mycompany.tarea17.model.dao.AlumnoDAOImpl - No se ha podido realizar la operacionASIR
java.lang.IllegalArgumentException: org.hibernate.query.SyntaxException: At 2:84, token recognition error at: '"\n' [UPDATE Alumno a SET a.Grupo = NULL
WHERE a.Grupo IN (SELECT g FROM Grupo g WHERE g.ciclo = :ciclo AND g.curso = :curso)"
]
	at org.hibernate.internal.ExceptionConverterImpl.convert(ExceptionConverterImpl.java:143) ~[hibernate-core-6.6.6.Final.jar:6.6.6.Final]
	at org.hibernate.internal.ExceptionConverterImpl.convert(ExceptionConverterImpl.java:167) ~[hibernate-core-6.6.6.Final.jar:6.6.6.Final]
	at org.hibernate.internal.ExceptionConverterImpl.convert(ExceptionConverterImpl.java:173) ~[hibernate-core-6.6.6.Final.jar:6.6.6.Final]
	at org.hibernate.internal.AbstractSharedSessionContract.createQuery(AbstractSharedSessionContract.java:886) ~[hibernate-core-6.6.6.Final.jar:6.6.6.Final]
	at org.hibernate.internal.AbstractSharedSessionContract.createQuery(AbstractSharedSessionContract.java:796) ~[hibernate-core-6.6.6.Final.jar:6.6.6.Final]
	at org.hibernate.internal.SessionImpl.createQuery(SessionImpl.java:202) ~[hibernate-core-6.6.6.Final.jar:6.6.6.Final]
	at com.mycompany.tarea17.model.dao.AlumnoDAOImplHibernate.eliminarPorCurso(AlumnoDAOImplHibernate.java:189) [classes/:?]
	at com.mycompany.tarea17.controller.Controller.eliminarAlumnosPorCurso(Controller.java:318) [classes/:?]
	at com.mycompany.tarea17.controller.Controller.ejecutar(Controller.java:48) [classes/:?]
	at com.mycompany.tarea17.controller.Ejecutador2.main(Ejecutador2.java:33) [classes/:?]
Caused by: org.hibernate.query.SyntaxException: At 2:84, token recognition error at: '"\n' [UPDATE Alumno a SET a.Grupo = NULL
WHERE a.Grupo IN (SELECT g FROM Grupo g WHERE g.ciclo = :ciclo AND g.curso = :curso)"
]
	at org.hibernate.query.hql.internal.StandardHqlTranslator$1.syntaxError(StandardHqlTranslator.java:109) ~[hibernate-core-6.6.6.Final.jar:6.6.6.Final]
	at org.antlr.v4.runtime.ProxyErrorListener.syntaxError(ProxyErrorListener.java:41) ~[antlr4-runtime-4.13.0.jar:4.13.0]
	at org.antlr.v4.runtime.Lexer.notifyListeners(Lexer.java:364) ~[antlr4-runtime-4.13.0.jar:4.13.0]
	at org.antlr.v4.runtime.Lexer.nextToken(Lexer.java:144) ~[antlr4-runtime-4.13.0.jar:4.13.0]
	at org.antlr.v4.runtime.BufferedTokenStream.fetch(BufferedTokenStream.java:169) ~[antlr4-runtime-4.13.0.jar:4.13.0]
	at org.antlr.v4.runtime.BufferedTokenStream.sync(BufferedTokenStream.java:152) ~[antlr4-runtime-4.13.0.jar:4.13.0]
	at org.antlr.v4.runtime.BufferedTokenStream.consume(BufferedTokenStream.java:136) ~[antlr4-runtime-4.13.0.jar:4.13.0]
	at org.antlr.v4.runtime.atn.ParserATNSimulator.execATN(ParserATNSimulator.java:515) ~[antlr4-runtime-4.13.0.jar:4.13.0]
	at org.antlr.v4.runtime.atn.ParserATNSimulator.adaptivePredict(ParserATNSimulator.java:371) ~[antlr4-runtime-4.13.0.jar:4.13.0]
	at org.hibernate.grammars.hql.HqlParser.inList(HqlParser.java:7483) ~[hibernate-core-6.6.6.Final.jar:6.6.6.Final]
	at org.hibernate.grammars.hql.HqlParser.predicate(HqlParser.java:7032) ~[hibernate-core-6.6.6.Final.jar:6.6.6.Final]
	at org.hibernate.grammars.hql.HqlParser.whereClause(HqlParser.java:6316) ~[hibernate-core-6.6.6.Final.jar:6.6.6.Final]
	at org.hibernate.grammars.hql.HqlParser.updateStatement(HqlParser.java:664) ~[hibernate-core-6.6.6.Final.jar:6.6.6.Final]
	at org.hibernate.grammars.hql.HqlParser.statement(HqlParser.java:348) ~[hibernate-core-6.6.6.Final.jar:6.6.6.Final]
	at org.hibernate.query.hql.internal.StandardHqlTranslator.parseHql(StandardHqlTranslator.java:133) ~[hibernate-core-6.6.6.Final.jar:6.6.6.Final]
	at org.hibernate.query.hql.internal.StandardHqlTranslator.translate(StandardHqlTranslator.java:67) ~[hibernate-core-6.6.6.Final.jar:6.6.6.Final]
	at org.hibernate.query.internal.QueryInterpretationCacheStandardImpl.createHqlInterpretation(QueryInterpretationCacheStandardImpl.java:145) ~[hibernate-core-6.6.6.Final.jar:6.6.6.Final]
	at org.hibernate.query.internal.QueryInterpretationCacheStandardImpl.resolveHqlInterpretation(QueryInterpretationCacheStandardImpl.java:132) ~[hibernate-core-6.6.6.Final.jar:6.6.6.Final]
	at org.hibernate.query.spi.QueryEngine.interpretHql(QueryEngine.java:54) ~[hibernate-core-6.6.6.Final.jar:6.6.6.Final]
	at org.hibernate.internal.AbstractSharedSessionContract.interpretHql(AbstractSharedSessionContract.java:832) ~[hibernate-core-6.6.6.Final.jar:6.6.6.Final]
	at org.hibernate.internal.AbstractSharedSessionContract.createQuery(AbstractSharedSessionContract.java:878) ~[hibernate-core-6.6.6.Final.jar:6.6.6.Final]
	... 6 more
[2025-02-14 16:48:51] [main] ERROR com.mycompany.tarea17.model.dao.AlumnoDAOImpl - No se ha podido realizar la operacionASIR
java.lang.IllegalArgumentException: org.hibernate.query.SyntaxException: At 2:84, token recognition error at: '"\n' [UPDATE Alumno a SET a.Grupo = NULL
WHERE a.Grupo IN (SELECT g FROM Grupo g WHERE g.ciclo = :ciclo AND g.curso = :curso)"
]
	at org.hibernate.internal.ExceptionConverterImpl.convert(ExceptionConverterImpl.java:143) ~[hibernate-core-6.6.6.Final.jar:6.6.6.Final]
	at org.hibernate.internal.ExceptionConverterImpl.convert(ExceptionConverterImpl.java:167) ~[hibernate-core-6.6.6.Final.jar:6.6.6.Final]
	at org.hibernate.internal.ExceptionConverterImpl.convert(ExceptionConverterImpl.java:173) ~[hibernate-core-6.6.6.Final.jar:6.6.6.Final]
	at org.hibernate.internal.AbstractSharedSessionContract.createQuery(AbstractSharedSessionContract.java:886) ~[hibernate-core-6.6.6.Final.jar:6.6.6.Final]
	at org.hibernate.internal.AbstractSharedSessionContract.createQuery(AbstractSharedSessionContract.java:796) ~[hibernate-core-6.6.6.Final.jar:6.6.6.Final]
	at org.hibernate.internal.SessionImpl.createQuery(SessionImpl.java:202) ~[hibernate-core-6.6.6.Final.jar:6.6.6.Final]
	at com.mycompany.tarea17.model.dao.AlumnoDAOImplHibernate.eliminarPorCurso(AlumnoDAOImplHibernate.java:189) [classes/:?]
	at com.mycompany.tarea17.controller.Controller.eliminarAlumnosPorCurso(Controller.java:318) [classes/:?]
	at com.mycompany.tarea17.controller.Controller.ejecutar(Controller.java:48) [classes/:?]
	at com.mycompany.tarea17.controller.Ejecutador2.main(Ejecutador2.java:33) [classes/:?]
Caused by: org.hibernate.query.SyntaxException: At 2:84, token recognition error at: '"\n' [UPDATE Alumno a SET a.Grupo = NULL
WHERE a.Grupo IN (SELECT g FROM Grupo g WHERE g.ciclo = :ciclo AND g.curso = :curso)"
]
	at org.hibernate.query.hql.internal.StandardHqlTranslator$1.syntaxError(StandardHqlTranslator.java:109) ~[hibernate-core-6.6.6.Final.jar:6.6.6.Final]
	at org.antlr.v4.runtime.ProxyErrorListener.syntaxError(ProxyErrorListener.java:41) ~[antlr4-runtime-4.13.0.jar:4.13.0]
	at org.antlr.v4.runtime.Lexer.notifyListeners(Lexer.java:364) ~[antlr4-runtime-4.13.0.jar:4.13.0]
	at org.antlr.v4.runtime.Lexer.nextToken(Lexer.java:144) ~[antlr4-runtime-4.13.0.jar:4.13.0]
	at org.antlr.v4.runtime.BufferedTokenStream.fetch(BufferedTokenStream.java:169) ~[antlr4-runtime-4.13.0.jar:4.13.0]
	at org.antlr.v4.runtime.BufferedTokenStream.sync(BufferedTokenStream.java:152) ~[antlr4-runtime-4.13.0.jar:4.13.0]
	at org.antlr.v4.runtime.BufferedTokenStream.consume(BufferedTokenStream.java:136) ~[antlr4-runtime-4.13.0.jar:4.13.0]
	at org.antlr.v4.runtime.atn.ParserATNSimulator.execATN(ParserATNSimulator.java:515) ~[antlr4-runtime-4.13.0.jar:4.13.0]
	at org.antlr.v4.runtime.atn.ParserATNSimulator.adaptivePredict(ParserATNSimulator.java:371) ~[antlr4-runtime-4.13.0.jar:4.13.0]
	at org.hibernate.grammars.hql.HqlParser.inList(HqlParser.java:7483) ~[hibernate-core-6.6.6.Final.jar:6.6.6.Final]
	at org.hibernate.grammars.hql.HqlParser.predicate(HqlParser.java:7032) ~[hibernate-core-6.6.6.Final.jar:6.6.6.Final]
	at org.hibernate.grammars.hql.HqlParser.whereClause(HqlParser.java:6316) ~[hibernate-core-6.6.6.Final.jar:6.6.6.Final]
	at org.hibernate.grammars.hql.HqlParser.updateStatement(HqlParser.java:664) ~[hibernate-core-6.6.6.Final.jar:6.6.6.Final]
	at org.hibernate.grammars.hql.HqlParser.statement(HqlParser.java:348) ~[hibernate-core-6.6.6.Final.jar:6.6.6.Final]
	at org.hibernate.query.hql.internal.StandardHqlTranslator.parseHql(StandardHqlTranslator.java:133) ~[hibernate-core-6.6.6.Final.jar:6.6.6.Final]
	at org.hibernate.query.hql.internal.StandardHqlTranslator.translate(StandardHqlTranslator.java:67) ~[hibernate-core-6.6.6.Final.jar:6.6.6.Final]
	at org.hibernate.query.internal.QueryInterpretationCacheStandardImpl.createHqlInterpretation(QueryInterpretationCacheStandardImpl.java:145) ~[hibernate-core-6.6.6.Final.jar:6.6.6.Final]
	at org.hibernate.query.internal.QueryInterpretationCacheStandardImpl.resolveHqlInterpretation(QueryInterpretationCacheStandardImpl.java:132) ~[hibernate-core-6.6.6.Final.jar:6.6.6.Final]
	at org.hibernate.query.spi.QueryEngine.interpretHql(QueryEngine.java:54) ~[hibernate-core-6.6.6.Final.jar:6.6.6.Final]
	at org.hibernate.internal.AbstractSharedSessionContract.interpretHql(AbstractSharedSessionContract.java:832) ~[hibernate-core-6.6.6.Final.jar:6.6.6.Final]
	at org.hibernate.internal.AbstractSharedSessionContract.createQuery(AbstractSharedSessionContract.java:878) ~[hibernate-core-6.6.6.Final.jar:6.6.6.Final]
	... 6 more
[2025-02-14 16:50:06] [main] INFO  org.hibernate.jpa.internal.util.LogHelper - HHH000204: Processing PersistenceUnitInfo [name: AlumnosHibernateJPA]
[2025-02-14 16:50:06] [main] INFO  org.hibernate.Version - HHH000412: Hibernate ORM core version 6.6.6.Final
[2025-02-14 16:50:06] [main] INFO  org.hibernate.cfg.Environment - HHH000205: Loaded properties from resource hibernate.properties: {hibertante.connection.url=jdbc:mysql://37.187.37.143:3306/Alumnos16?serverTimeZone=UTC&useSSL=false&allowPublicKeyRetrieval=true, hibernate.format_sql=true, hibernate.hbm2ddl.auto=update, hibertante.connection.driver_class=com.mysql.cj.jdbc.Driver, hibernate.dialect=org.hibernate.dialect.MySQL8Dialect, hibernate.show_sql=true, hibernate.connection.password=****, hibernate.connection.username=root}
[2025-02-14 16:50:06] [main] INFO  org.hibernate.cache.internal.RegionFactoryInitiator - HHH000026: Second-level cache disabled
[2025-02-14 16:50:07] [main] WARN  org.hibernate.orm.connections.pooling - HHH10001002: Using built-in connection pool (not intended for production use)
[2025-02-14 16:50:08] [main] WARN  org.hibernate.orm.deprecation - HHH90000025: MySQL8Dialect does not need to be specified explicitly using 'hibernate.dialect' (remove the property setting and it will be selected by default)
[2025-02-14 16:50:08] [main] WARN  org.hibernate.orm.deprecation - HHH90000026: MySQL8Dialect has been deprecated; use org.hibernate.dialect.MySQLDialect instead
[2025-02-14 16:50:08] [main] INFO  org.hibernate.orm.connections.pooling - HHH10001005: Database info:
	Database JDBC URL [jdbc:mysql://37.187.37.143:3306/Alumnos16?zeroDateTimeBehavior=CONVERT_TO_NULL]
	Database driver: com.mysql.cj.jdbc.Driver
	Database version: 8.0
	Autocommit mode: false
	Isolation level: undefined/unknown
	Minimum pool size: 1
	Maximum pool size: 20
[2025-02-14 16:50:10] [main] INFO  org.hibernate.engine.transaction.jta.platform.internal.JtaPlatformInitiator - HHH000489: No JTA platform available (set 'hibernate.transaction.jta.platform' to enable JTA platform integration)
[2025-02-14 16:50:10] [main] INFO  org.hibernate.orm.connections.access - HHH10001501: Connection obtained from JdbcConnectionAccess [org.hibernate.engine.jdbc.env.internal.JdbcEnvironmentInitiator$ConnectionProviderJdbcConnectionAccess@320ff86f] for (non-JTA) DDL execution was not in auto-commit mode; the Connection 'local transaction' will be committed and the Connection will be set into auto-commit mode.
[2025-02-14 16:50:21] [main] ERROR com.mycompany.tarea17.model.dao.AlumnoDAOImpl - No se ha podido realizar la operacionASIR
java.lang.IllegalArgumentException: org.hibernate.query.SyntaxException: At 1:119, token recognition error at: '"\n' [UPDATE Alumno a SET a.Grupo = NULL WHERE a.Grupo IN (SELECT g FROM Grupo g WHERE g.ciclo = :ciclo AND g.curso = :curso)"
]
	at org.hibernate.internal.ExceptionConverterImpl.convert(ExceptionConverterImpl.java:143) ~[hibernate-core-6.6.6.Final.jar:6.6.6.Final]
	at org.hibernate.internal.ExceptionConverterImpl.convert(ExceptionConverterImpl.java:167) ~[hibernate-core-6.6.6.Final.jar:6.6.6.Final]
	at org.hibernate.internal.ExceptionConverterImpl.convert(ExceptionConverterImpl.java:173) ~[hibernate-core-6.6.6.Final.jar:6.6.6.Final]
	at org.hibernate.internal.AbstractSharedSessionContract.createQuery(AbstractSharedSessionContract.java:886) ~[hibernate-core-6.6.6.Final.jar:6.6.6.Final]
	at org.hibernate.internal.AbstractSharedSessionContract.createQuery(AbstractSharedSessionContract.java:796) ~[hibernate-core-6.6.6.Final.jar:6.6.6.Final]
	at org.hibernate.internal.SessionImpl.createQuery(SessionImpl.java:202) ~[hibernate-core-6.6.6.Final.jar:6.6.6.Final]
	at com.mycompany.tarea17.model.dao.AlumnoDAOImplHibernate.eliminarPorCurso(AlumnoDAOImplHibernate.java:189) [classes/:?]
	at com.mycompany.tarea17.controller.Controller.eliminarAlumnosPorCurso(Controller.java:318) [classes/:?]
	at com.mycompany.tarea17.controller.Controller.ejecutar(Controller.java:48) [classes/:?]
	at com.mycompany.tarea17.controller.Ejecutador2.main(Ejecutador2.java:33) [classes/:?]
Caused by: org.hibernate.query.SyntaxException: At 1:119, token recognition error at: '"\n' [UPDATE Alumno a SET a.Grupo = NULL WHERE a.Grupo IN (SELECT g FROM Grupo g WHERE g.ciclo = :ciclo AND g.curso = :curso)"
]
	at org.hibernate.query.hql.internal.StandardHqlTranslator$1.syntaxError(StandardHqlTranslator.java:109) ~[hibernate-core-6.6.6.Final.jar:6.6.6.Final]
	at org.antlr.v4.runtime.ProxyErrorListener.syntaxError(ProxyErrorListener.java:41) ~[antlr4-runtime-4.13.0.jar:4.13.0]
	at org.antlr.v4.runtime.Lexer.notifyListeners(Lexer.java:364) ~[antlr4-runtime-4.13.0.jar:4.13.0]
	at org.antlr.v4.runtime.Lexer.nextToken(Lexer.java:144) ~[antlr4-runtime-4.13.0.jar:4.13.0]
	at org.antlr.v4.runtime.BufferedTokenStream.fetch(BufferedTokenStream.java:169) ~[antlr4-runtime-4.13.0.jar:4.13.0]
	at org.antlr.v4.runtime.BufferedTokenStream.sync(BufferedTokenStream.java:152) ~[antlr4-runtime-4.13.0.jar:4.13.0]
	at org.antlr.v4.runtime.BufferedTokenStream.consume(BufferedTokenStream.java:136) ~[antlr4-runtime-4.13.0.jar:4.13.0]
	at org.antlr.v4.runtime.atn.ParserATNSimulator.execATN(ParserATNSimulator.java:515) ~[antlr4-runtime-4.13.0.jar:4.13.0]
	at org.antlr.v4.runtime.atn.ParserATNSimulator.adaptivePredict(ParserATNSimulator.java:371) ~[antlr4-runtime-4.13.0.jar:4.13.0]
	at org.hibernate.grammars.hql.HqlParser.inList(HqlParser.java:7483) ~[hibernate-core-6.6.6.Final.jar:6.6.6.Final]
	at org.hibernate.grammars.hql.HqlParser.predicate(HqlParser.java:7032) ~[hibernate-core-6.6.6.Final.jar:6.6.6.Final]
	at org.hibernate.grammars.hql.HqlParser.whereClause(HqlParser.java:6316) ~[hibernate-core-6.6.6.Final.jar:6.6.6.Final]
	at org.hibernate.grammars.hql.HqlParser.updateStatement(HqlParser.java:664) ~[hibernate-core-6.6.6.Final.jar:6.6.6.Final]
	at org.hibernate.grammars.hql.HqlParser.statement(HqlParser.java:348) ~[hibernate-core-6.6.6.Final.jar:6.6.6.Final]
	at org.hibernate.query.hql.internal.StandardHqlTranslator.parseHql(StandardHqlTranslator.java:133) ~[hibernate-core-6.6.6.Final.jar:6.6.6.Final]
	at org.hibernate.query.hql.internal.StandardHqlTranslator.translate(StandardHqlTranslator.java:67) ~[hibernate-core-6.6.6.Final.jar:6.6.6.Final]
	at org.hibernate.query.internal.QueryInterpretationCacheStandardImpl.createHqlInterpretation(QueryInterpretationCacheStandardImpl.java:145) ~[hibernate-core-6.6.6.Final.jar:6.6.6.Final]
	at org.hibernate.query.internal.QueryInterpretationCacheStandardImpl.resolveHqlInterpretation(QueryInterpretationCacheStandardImpl.java:132) ~[hibernate-core-6.6.6.Final.jar:6.6.6.Final]
	at org.hibernate.query.spi.QueryEngine.interpretHql(QueryEngine.java:54) ~[hibernate-core-6.6.6.Final.jar:6.6.6.Final]
	at org.hibernate.internal.AbstractSharedSessionContract.interpretHql(AbstractSharedSessionContract.java:832) ~[hibernate-core-6.6.6.Final.jar:6.6.6.Final]
	at org.hibernate.internal.AbstractSharedSessionContract.createQuery(AbstractSharedSessionContract.java:878) ~[hibernate-core-6.6.6.Final.jar:6.6.6.Final]
	... 6 more
[2025-02-14 16:51:46] [main] INFO  org.hibernate.jpa.internal.util.LogHelper - HHH000204: Processing PersistenceUnitInfo [name: AlumnosHibernateJPA]
[2025-02-14 16:51:46] [main] INFO  org.hibernate.Version - HHH000412: Hibernate ORM core version 6.6.6.Final
[2025-02-14 16:51:46] [main] INFO  org.hibernate.cfg.Environment - HHH000205: Loaded properties from resource hibernate.properties: {hibertante.connection.url=jdbc:mysql://37.187.37.143:3306/Alumnos16?serverTimeZone=UTC&useSSL=false&allowPublicKeyRetrieval=true, hibernate.format_sql=true, hibernate.hbm2ddl.auto=update, hibertante.connection.driver_class=com.mysql.cj.jdbc.Driver, hibernate.dialect=org.hibernate.dialect.MySQL8Dialect, hibernate.show_sql=true, hibernate.connection.password=****, hibernate.connection.username=root}
[2025-02-14 16:51:46] [main] INFO  org.hibernate.cache.internal.RegionFactoryInitiator - HHH000026: Second-level cache disabled
[2025-02-14 16:51:46] [main] WARN  org.hibernate.orm.connections.pooling - HHH10001002: Using built-in connection pool (not intended for production use)
[2025-02-14 16:51:47] [main] WARN  org.hibernate.orm.deprecation - HHH90000025: MySQL8Dialect does not need to be specified explicitly using 'hibernate.dialect' (remove the property setting and it will be selected by default)
[2025-02-14 16:51:47] [main] WARN  org.hibernate.orm.deprecation - HHH90000026: MySQL8Dialect has been deprecated; use org.hibernate.dialect.MySQLDialect instead
[2025-02-14 16:51:48] [main] INFO  org.hibernate.orm.connections.pooling - HHH10001005: Database info:
	Database JDBC URL [jdbc:mysql://37.187.37.143:3306/Alumnos16?zeroDateTimeBehavior=CONVERT_TO_NULL]
	Database driver: com.mysql.cj.jdbc.Driver
	Database version: 8.0
	Autocommit mode: false
	Isolation level: undefined/unknown
	Minimum pool size: 1
	Maximum pool size: 20
[2025-02-14 16:51:50] [main] INFO  org.hibernate.engine.transaction.jta.platform.internal.JtaPlatformInitiator - HHH000489: No JTA platform available (set 'hibernate.transaction.jta.platform' to enable JTA platform integration)
[2025-02-14 16:51:50] [main] INFO  org.hibernate.orm.connections.access - HHH10001501: Connection obtained from JdbcConnectionAccess [org.hibernate.engine.jdbc.env.internal.JdbcEnvironmentInitiator$ConnectionProviderJdbcConnectionAccess@192b472d] for (non-JTA) DDL execution was not in auto-commit mode; the Connection 'local transaction' will be committed and the Connection will be set into auto-commit mode.
[2025-02-14 16:51:58] [main] ERROR com.mycompany.tarea17.model.dao.AlumnoDAOImpl - No se ha podido realizar la operacionAsir
java.lang.IllegalArgumentException: org.hibernate.query.sqm.UnknownPathException: Could not resolve attribute 'Grupo' of 'com.mycompany.tarea17.model.entities.AlumnoHB' [UPDATE Alumno a SET a.Grupo = NULL
WHERE a.Grupo IN (SELECT g FROM Grupo g WHERE g.ciclo = :ciclo AND g.curso = :curso)
]
	at org.hibernate.internal.ExceptionConverterImpl.convert(ExceptionConverterImpl.java:143) ~[hibernate-core-6.6.6.Final.jar:6.6.6.Final]
	at org.hibernate.internal.ExceptionConverterImpl.convert(ExceptionConverterImpl.java:167) ~[hibernate-core-6.6.6.Final.jar:6.6.6.Final]
	at org.hibernate.internal.ExceptionConverterImpl.convert(ExceptionConverterImpl.java:173) ~[hibernate-core-6.6.6.Final.jar:6.6.6.Final]
	at org.hibernate.internal.AbstractSharedSessionContract.createQuery(AbstractSharedSessionContract.java:886) ~[hibernate-core-6.6.6.Final.jar:6.6.6.Final]
	at org.hibernate.internal.AbstractSharedSessionContract.createQuery(AbstractSharedSessionContract.java:796) ~[hibernate-core-6.6.6.Final.jar:6.6.6.Final]
	at org.hibernate.internal.SessionImpl.createQuery(SessionImpl.java:202) ~[hibernate-core-6.6.6.Final.jar:6.6.6.Final]
	at com.mycompany.tarea17.model.dao.AlumnoDAOImplHibernate.eliminarPorCurso(AlumnoDAOImplHibernate.java:189) [classes/:?]
	at com.mycompany.tarea17.controller.Controller.eliminarAlumnosPorCurso(Controller.java:318) [classes/:?]
	at com.mycompany.tarea17.controller.Controller.ejecutar(Controller.java:48) [classes/:?]
	at com.mycompany.tarea17.controller.Ejecutador2.main(Ejecutador2.java:33) [classes/:?]
Caused by: org.hibernate.query.sqm.UnknownPathException: Could not resolve attribute 'Grupo' of 'com.mycompany.tarea17.model.entities.AlumnoHB' [UPDATE Alumno a SET a.Grupo = NULL
WHERE a.Grupo IN (SELECT g FROM Grupo g WHERE g.ciclo = :ciclo AND g.curso = :curso)
]
	at org.hibernate.query.hql.internal.StandardHqlTranslator.translate(StandardHqlTranslator.java:88) ~[hibernate-core-6.6.6.Final.jar:6.6.6.Final]
	at org.hibernate.query.internal.QueryInterpretationCacheStandardImpl.createHqlInterpretation(QueryInterpretationCacheStandardImpl.java:145) ~[hibernate-core-6.6.6.Final.jar:6.6.6.Final]
	at org.hibernate.query.internal.QueryInterpretationCacheStandardImpl.resolveHqlInterpretation(QueryInterpretationCacheStandardImpl.java:132) ~[hibernate-core-6.6.6.Final.jar:6.6.6.Final]
	at org.hibernate.query.spi.QueryEngine.interpretHql(QueryEngine.java:54) ~[hibernate-core-6.6.6.Final.jar:6.6.6.Final]
	at org.hibernate.internal.AbstractSharedSessionContract.interpretHql(AbstractSharedSessionContract.java:832) ~[hibernate-core-6.6.6.Final.jar:6.6.6.Final]
	at org.hibernate.internal.AbstractSharedSessionContract.createQuery(AbstractSharedSessionContract.java:878) ~[hibernate-core-6.6.6.Final.jar:6.6.6.Final]
	... 6 more
Caused by: org.hibernate.query.sqm.PathElementException: Could not resolve attribute 'Grupo' of 'com.mycompany.tarea17.model.entities.AlumnoHB'
	at org.hibernate.query.sqm.SqmPathSource.getSubPathSource(SqmPathSource.java:95) ~[hibernate-core-6.6.6.Final.jar:6.6.6.Final]
	at org.hibernate.query.sqm.tree.domain.AbstractSqmPath.get(AbstractSqmPath.java:198) ~[hibernate-core-6.6.6.Final.jar:6.6.6.Final]
	at org.hibernate.query.sqm.tree.domain.AbstractSqmFrom.resolvePathPart(AbstractSqmFrom.java:198) ~[hibernate-core-6.6.6.Final.jar:6.6.6.Final]
	at org.hibernate.query.hql.internal.DomainPathPart.resolvePathPart(DomainPathPart.java:42) ~[hibernate-core-6.6.6.Final.jar:6.6.6.Final]
	at org.hibernate.query.hql.internal.BasicDotIdentifierConsumer.consumeIdentifier(BasicDotIdentifierConsumer.java:92) ~[hibernate-core-6.6.6.Final.jar:6.6.6.Final]
	at org.hibernate.query.hql.internal.SemanticQueryBuilder.visitSimplePath(SemanticQueryBuilder.java:5465) ~[hibernate-core-6.6.6.Final.jar:6.6.6.Final]
	at org.hibernate.query.hql.internal.SemanticQueryBuilder.visitSimplePath(SemanticQueryBuilder.java:277) ~[hibernate-core-6.6.6.Final.jar:6.6.6.Final]
	at org.hibernate.grammars.hql.HqlParser$SimplePathContext.accept(HqlParser.java:4403) ~[hibernate-core-6.6.6.Final.jar:6.6.6.Final]
	at org.hibernate.query.hql.internal.SemanticQueryBuilder.consumeDomainPath(SemanticQueryBuilder.java:5711) ~[hibernate-core-6.6.6.Final.jar:6.6.6.Final]
	at org.hibernate.query.hql.internal.SemanticQueryBuilder.visitAssignment(SemanticQueryBuilder.java:700) ~[hibernate-core-6.6.6.Final.jar:6.6.6.Final]
	at org.hibernate.query.hql.internal.SemanticQueryBuilder.visitUpdateStatement(SemanticQueryBuilder.java:680) ~[hibernate-core-6.6.6.Final.jar:6.6.6.Final]
	at org.hibernate.query.hql.internal.SemanticQueryBuilder.visitStatement(SemanticQueryBuilder.java:459) ~[hibernate-core-6.6.6.Final.jar:6.6.6.Final]
	at org.hibernate.query.hql.internal.SemanticQueryBuilder.buildSemanticModel(SemanticQueryBuilder.java:324) ~[hibernate-core-6.6.6.Final.jar:6.6.6.Final]
	at org.hibernate.query.hql.internal.StandardHqlTranslator.translate(StandardHqlTranslator.java:71) ~[hibernate-core-6.6.6.Final.jar:6.6.6.Final]
	at org.hibernate.query.internal.QueryInterpretationCacheStandardImpl.createHqlInterpretation(QueryInterpretationCacheStandardImpl.java:145) ~[hibernate-core-6.6.6.Final.jar:6.6.6.Final]
	at org.hibernate.query.internal.QueryInterpretationCacheStandardImpl.resolveHqlInterpretation(QueryInterpretationCacheStandardImpl.java:132) ~[hibernate-core-6.6.6.Final.jar:6.6.6.Final]
	at org.hibernate.query.spi.QueryEngine.interpretHql(QueryEngine.java:54) ~[hibernate-core-6.6.6.Final.jar:6.6.6.Final]
	at org.hibernate.internal.AbstractSharedSessionContract.interpretHql(AbstractSharedSessionContract.java:832) ~[hibernate-core-6.6.6.Final.jar:6.6.6.Final]
	at org.hibernate.internal.AbstractSharedSessionContract.createQuery(AbstractSharedSessionContract.java:878) ~[hibernate-core-6.6.6.Final.jar:6.6.6.Final]
	... 6 more
[2025-02-14 16:52:18] [main] ERROR com.mycompany.tarea17.model.dao.AlumnoDAOImpl - No se ha podido realizar la operacionASIR
java.lang.IllegalArgumentException: org.hibernate.query.sqm.UnknownPathException: Could not resolve attribute 'Grupo' of 'com.mycompany.tarea17.model.entities.AlumnoHB' [UPDATE Alumno a SET a.Grupo = NULL
WHERE a.Grupo IN (SELECT g FROM Grupo g WHERE g.ciclo = :ciclo AND g.curso = :curso)
]
	at org.hibernate.internal.ExceptionConverterImpl.convert(ExceptionConverterImpl.java:143) ~[hibernate-core-6.6.6.Final.jar:6.6.6.Final]
	at org.hibernate.internal.ExceptionConverterImpl.convert(ExceptionConverterImpl.java:167) ~[hibernate-core-6.6.6.Final.jar:6.6.6.Final]
	at org.hibernate.internal.ExceptionConverterImpl.convert(ExceptionConverterImpl.java:173) ~[hibernate-core-6.6.6.Final.jar:6.6.6.Final]
	at org.hibernate.internal.AbstractSharedSessionContract.createQuery(AbstractSharedSessionContract.java:886) ~[hibernate-core-6.6.6.Final.jar:6.6.6.Final]
	at org.hibernate.internal.AbstractSharedSessionContract.createQuery(AbstractSharedSessionContract.java:796) ~[hibernate-core-6.6.6.Final.jar:6.6.6.Final]
	at org.hibernate.internal.SessionImpl.createQuery(SessionImpl.java:202) ~[hibernate-core-6.6.6.Final.jar:6.6.6.Final]
	at com.mycompany.tarea17.model.dao.AlumnoDAOImplHibernate.eliminarPorCurso(AlumnoDAOImplHibernate.java:189) [classes/:?]
	at com.mycompany.tarea17.controller.Controller.eliminarAlumnosPorCurso(Controller.java:318) [classes/:?]
	at com.mycompany.tarea17.controller.Controller.ejecutar(Controller.java:48) [classes/:?]
	at com.mycompany.tarea17.controller.Ejecutador2.main(Ejecutador2.java:33) [classes/:?]
Caused by: org.hibernate.query.sqm.UnknownPathException: Could not resolve attribute 'Grupo' of 'com.mycompany.tarea17.model.entities.AlumnoHB' [UPDATE Alumno a SET a.Grupo = NULL
WHERE a.Grupo IN (SELECT g FROM Grupo g WHERE g.ciclo = :ciclo AND g.curso = :curso)
]
	at org.hibernate.query.hql.internal.StandardHqlTranslator.translate(StandardHqlTranslator.java:88) ~[hibernate-core-6.6.6.Final.jar:6.6.6.Final]
	at org.hibernate.query.internal.QueryInterpretationCacheStandardImpl.createHqlInterpretation(QueryInterpretationCacheStandardImpl.java:145) ~[hibernate-core-6.6.6.Final.jar:6.6.6.Final]
	at org.hibernate.query.internal.QueryInterpretationCacheStandardImpl.resolveHqlInterpretation(QueryInterpretationCacheStandardImpl.java:132) ~[hibernate-core-6.6.6.Final.jar:6.6.6.Final]
	at org.hibernate.query.spi.QueryEngine.interpretHql(QueryEngine.java:54) ~[hibernate-core-6.6.6.Final.jar:6.6.6.Final]
	at org.hibernate.internal.AbstractSharedSessionContract.interpretHql(AbstractSharedSessionContract.java:832) ~[hibernate-core-6.6.6.Final.jar:6.6.6.Final]
	at org.hibernate.internal.AbstractSharedSessionContract.createQuery(AbstractSharedSessionContract.java:878) ~[hibernate-core-6.6.6.Final.jar:6.6.6.Final]
	... 6 more
Caused by: org.hibernate.query.sqm.PathElementException: Could not resolve attribute 'Grupo' of 'com.mycompany.tarea17.model.entities.AlumnoHB'
	at org.hibernate.query.sqm.SqmPathSource.getSubPathSource(SqmPathSource.java:95) ~[hibernate-core-6.6.6.Final.jar:6.6.6.Final]
	at org.hibernate.query.sqm.tree.domain.AbstractSqmPath.get(AbstractSqmPath.java:198) ~[hibernate-core-6.6.6.Final.jar:6.6.6.Final]
	at org.hibernate.query.sqm.tree.domain.AbstractSqmFrom.resolvePathPart(AbstractSqmFrom.java:198) ~[hibernate-core-6.6.6.Final.jar:6.6.6.Final]
	at org.hibernate.query.hql.internal.DomainPathPart.resolvePathPart(DomainPathPart.java:42) ~[hibernate-core-6.6.6.Final.jar:6.6.6.Final]
	at org.hibernate.query.hql.internal.BasicDotIdentifierConsumer.consumeIdentifier(BasicDotIdentifierConsumer.java:92) ~[hibernate-core-6.6.6.Final.jar:6.6.6.Final]
	at org.hibernate.query.hql.internal.SemanticQueryBuilder.visitSimplePath(SemanticQueryBuilder.java:5465) ~[hibernate-core-6.6.6.Final.jar:6.6.6.Final]
	at org.hibernate.query.hql.internal.SemanticQueryBuilder.visitSimplePath(SemanticQueryBuilder.java:277) ~[hibernate-core-6.6.6.Final.jar:6.6.6.Final]
	at org.hibernate.grammars.hql.HqlParser$SimplePathContext.accept(HqlParser.java:4403) ~[hibernate-core-6.6.6.Final.jar:6.6.6.Final]
	at org.hibernate.query.hql.internal.SemanticQueryBuilder.consumeDomainPath(SemanticQueryBuilder.java:5711) ~[hibernate-core-6.6.6.Final.jar:6.6.6.Final]
	at org.hibernate.query.hql.internal.SemanticQueryBuilder.visitAssignment(SemanticQueryBuilder.java:700) ~[hibernate-core-6.6.6.Final.jar:6.6.6.Final]
	at org.hibernate.query.hql.internal.SemanticQueryBuilder.visitUpdateStatement(SemanticQueryBuilder.java:680) ~[hibernate-core-6.6.6.Final.jar:6.6.6.Final]
	at org.hibernate.query.hql.internal.SemanticQueryBuilder.visitStatement(SemanticQueryBuilder.java:459) ~[hibernate-core-6.6.6.Final.jar:6.6.6.Final]
	at org.hibernate.query.hql.internal.SemanticQueryBuilder.buildSemanticModel(SemanticQueryBuilder.java:324) ~[hibernate-core-6.6.6.Final.jar:6.6.6.Final]
	at org.hibernate.query.hql.internal.StandardHqlTranslator.translate(StandardHqlTranslator.java:71) ~[hibernate-core-6.6.6.Final.jar:6.6.6.Final]
	at org.hibernate.query.internal.QueryInterpretationCacheStandardImpl.createHqlInterpretation(QueryInterpretationCacheStandardImpl.java:145) ~[hibernate-core-6.6.6.Final.jar:6.6.6.Final]
	at org.hibernate.query.internal.QueryInterpretationCacheStandardImpl.resolveHqlInterpretation(QueryInterpretationCacheStandardImpl.java:132) ~[hibernate-core-6.6.6.Final.jar:6.6.6.Final]
	at org.hibernate.query.spi.QueryEngine.interpretHql(QueryEngine.java:54) ~[hibernate-core-6.6.6.Final.jar:6.6.6.Final]
	at org.hibernate.internal.AbstractSharedSessionContract.interpretHql(AbstractSharedSessionContract.java:832) ~[hibernate-core-6.6.6.Final.jar:6.6.6.Final]
	at org.hibernate.internal.AbstractSharedSessionContract.createQuery(AbstractSharedSessionContract.java:878) ~[hibernate-core-6.6.6.Final.jar:6.6.6.Final]
	... 6 more
[2025-02-14 16:53:08] [main] INFO  org.hibernate.jpa.internal.util.LogHelper - HHH000204: Processing PersistenceUnitInfo [name: AlumnosHibernateJPA]
[2025-02-14 16:53:08] [main] INFO  org.hibernate.Version - HHH000412: Hibernate ORM core version 6.6.6.Final
[2025-02-14 16:53:08] [main] INFO  org.hibernate.cfg.Environment - HHH000205: Loaded properties from resource hibernate.properties: {hibertante.connection.url=jdbc:mysql://37.187.37.143:3306/Alumnos16?serverTimeZone=UTC&useSSL=false&allowPublicKeyRetrieval=true, hibernate.format_sql=true, hibernate.hbm2ddl.auto=update, hibertante.connection.driver_class=com.mysql.cj.jdbc.Driver, hibernate.dialect=org.hibernate.dialect.MySQL8Dialect, hibernate.show_sql=true, hibernate.connection.password=****, hibernate.connection.username=root}
[2025-02-14 16:53:08] [main] INFO  org.hibernate.cache.internal.RegionFactoryInitiator - HHH000026: Second-level cache disabled
[2025-02-14 16:53:08] [main] WARN  org.hibernate.orm.connections.pooling - HHH10001002: Using built-in connection pool (not intended for production use)
[2025-02-14 16:53:09] [main] WARN  org.hibernate.orm.deprecation - HHH90000025: MySQL8Dialect does not need to be specified explicitly using 'hibernate.dialect' (remove the property setting and it will be selected by default)
[2025-02-14 16:53:09] [main] WARN  org.hibernate.orm.deprecation - HHH90000026: MySQL8Dialect has been deprecated; use org.hibernate.dialect.MySQLDialect instead
[2025-02-14 16:53:09] [main] INFO  org.hibernate.orm.connections.pooling - HHH10001005: Database info:
	Database JDBC URL [jdbc:mysql://37.187.37.143:3306/Alumnos16?zeroDateTimeBehavior=CONVERT_TO_NULL]
	Database driver: com.mysql.cj.jdbc.Driver
	Database version: 8.0
	Autocommit mode: false
	Isolation level: undefined/unknown
	Minimum pool size: 1
	Maximum pool size: 20
[2025-02-14 16:53:11] [main] INFO  org.hibernate.engine.transaction.jta.platform.internal.JtaPlatformInitiator - HHH000489: No JTA platform available (set 'hibernate.transaction.jta.platform' to enable JTA platform integration)
[2025-02-14 16:53:12] [main] INFO  org.hibernate.orm.connections.access - HHH10001501: Connection obtained from JdbcConnectionAccess [org.hibernate.engine.jdbc.env.internal.JdbcEnvironmentInitiator$ConnectionProviderJdbcConnectionAccess@320ff86f] for (non-JTA) DDL execution was not in auto-commit mode; the Connection 'local transaction' will be committed and the Connection will be set into auto-commit mode.
[2025-02-14 16:59:26] [main] INFO  org.hibernate.jpa.internal.util.LogHelper - HHH000204: Processing PersistenceUnitInfo [name: AlumnosHibernateJPA]
[2025-02-14 16:59:26] [main] INFO  org.hibernate.Version - HHH000412: Hibernate ORM core version 6.6.6.Final
[2025-02-14 16:59:26] [main] INFO  org.hibernate.cfg.Environment - HHH000205: Loaded properties from resource hibernate.properties: {hibertante.connection.url=jdbc:mysql://37.187.37.143:3306/Alumnos16?serverTimeZone=UTC&useSSL=false&allowPublicKeyRetrieval=true, hibernate.format_sql=true, hibernate.hbm2ddl.auto=update, hibertante.connection.driver_class=com.mysql.cj.jdbc.Driver, hibernate.dialect=org.hibernate.dialect.MySQL8Dialect, hibernate.show_sql=true, hibernate.connection.password=****, hibernate.connection.username=root}
[2025-02-14 16:59:26] [main] INFO  org.hibernate.cache.internal.RegionFactoryInitiator - HHH000026: Second-level cache disabled
[2025-02-14 16:59:27] [main] WARN  org.hibernate.orm.connections.pooling - HHH10001002: Using built-in connection pool (not intended for production use)
[2025-02-14 16:59:28] [main] WARN  org.hibernate.orm.deprecation - HHH90000025: MySQL8Dialect does not need to be specified explicitly using 'hibernate.dialect' (remove the property setting and it will be selected by default)
[2025-02-14 16:59:28] [main] WARN  org.hibernate.orm.deprecation - HHH90000026: MySQL8Dialect has been deprecated; use org.hibernate.dialect.MySQLDialect instead
[2025-02-14 16:59:28] [main] INFO  org.hibernate.orm.connections.pooling - HHH10001005: Database info:
	Database JDBC URL [jdbc:mysql://37.187.37.143:3306/Alumnos16?zeroDateTimeBehavior=CONVERT_TO_NULL]
	Database driver: com.mysql.cj.jdbc.Driver
	Database version: 8.0
	Autocommit mode: false
	Isolation level: undefined/unknown
	Minimum pool size: 1
	Maximum pool size: 20
[2025-02-14 16:59:30] [main] INFO  org.hibernate.engine.transaction.jta.platform.internal.JtaPlatformInitiator - HHH000489: No JTA platform available (set 'hibernate.transaction.jta.platform' to enable JTA platform integration)
[2025-02-14 16:59:30] [main] INFO  org.hibernate.orm.connections.access - HHH10001501: Connection obtained from JdbcConnectionAccess [org.hibernate.engine.jdbc.env.internal.JdbcEnvironmentInitiator$ConnectionProviderJdbcConnectionAccess@192b472d] for (non-JTA) DDL execution was not in auto-commit mode; the Connection 'local transaction' will be committed and the Connection will be set into auto-commit mode.
[2025-02-14 17:13:03] [main] ERROR com.mycompany.tarea17.model.dao.utils.FicheroBinario - No se ha podido escribir en el fichero binariojava.io.EOFException
[2025-02-14 17:13:18] [main] ERROR com.mycompany.tarea17.model.dao.utils.FicheroBinario - No se ha podido escribir en el fichero binariojava.io.EOFException
[2025-02-15 10:57:34] [main] ERROR com.mycompany.tarea17.model.dao.AlumnoDAOImpl - No se ha podido realizar la operacin -> nnd
java.sql.SQLException: Parameter index out of range (1 > number of parameters, which is 0).
	at com.mysql.cj.jdbc.exceptions.SQLError.createSQLException(SQLError.java:121) ~[mysql-connector-j-9.1.0.jar:9.1.0]
	at com.mysql.cj.jdbc.exceptions.SQLError.createSQLException(SQLError.java:89) ~[mysql-connector-j-9.1.0.jar:9.1.0]
	at com.mysql.cj.jdbc.exceptions.SQLError.createSQLException(SQLError.java:81) ~[mysql-connector-j-9.1.0.jar:9.1.0]
	at com.mysql.cj.jdbc.exceptions.SQLError.createSQLException(SQLError.java:55) ~[mysql-connector-j-9.1.0.jar:9.1.0]
	at com.mysql.cj.jdbc.ClientPreparedStatement.checkBounds(ClientPreparedStatement.java:1499) ~[mysql-connector-j-9.1.0.jar:9.1.0]
	at com.mysql.cj.jdbc.ClientPreparedStatement.getCoreParameterIndex(ClientPreparedStatement.java:1514) ~[mysql-connector-j-9.1.0.jar:9.1.0]
	at com.mysql.cj.jdbc.ClientPreparedStatement.setString(ClientPreparedStatement.java:2032) ~[mysql-connector-j-9.1.0.jar:9.1.0]
	at com.zaxxer.hikari.pool.HikariProxyPreparedStatement.setString(HikariProxyPreparedStatement.java) ~[HikariCP-5.0.1.jar:?]
	at com.mycompany.tarea17.model.dao.AlumnoDAOImpl.eliminarAlumnosCuyoApellidoContengaUnaPalabra(AlumnoDAOImpl.java:213) [classes/:?]
	at com.mycompany.tarea17.controller.Controller.eliminarAlumnosPorApellido(Controller.java:498) [classes/:?]
	at com.mycompany.tarea17.controller.Controller.ejecutar(Controller.java:58) [classes/:?]
	at com.mycompany.tarea17.controller.Ejecutador1.main(Ejecutador1.java:30) [classes/:?]
[2025-02-15 10:58:20] [main] INFO  org.hibernate.jpa.internal.util.LogHelper - HHH000204: Processing PersistenceUnitInfo [name: AlumnosHibernateJPA]
[2025-02-15 10:58:21] [main] INFO  org.hibernate.Version - HHH000412: Hibernate ORM core version 6.6.6.Final
[2025-02-15 10:58:21] [main] INFO  org.hibernate.cfg.Environment - HHH000205: Loaded properties from resource hibernate.properties: {hibertante.connection.url=jdbc:mysql://37.187.37.143:3306/Alumnos16?serverTimeZone=UTC&useSSL=false&allowPublicKeyRetrieval=true, hibernate.format_sql=true, hibernate.hbm2ddl.auto=update, hibertante.connection.driver_class=com.mysql.cj.jdbc.Driver, hibernate.dialect=org.hibernate.dialect.MySQL8Dialect, hibernate.show_sql=true, hibernate.connection.password=****, hibernate.connection.username=root}
[2025-02-15 10:58:21] [main] INFO  org.hibernate.cache.internal.RegionFactoryInitiator - HHH000026: Second-level cache disabled
[2025-02-15 10:58:21] [main] WARN  org.hibernate.orm.connections.pooling - HHH10001002: Using built-in connection pool (not intended for production use)
[2025-02-15 10:58:22] [main] WARN  org.hibernate.orm.deprecation - HHH90000025: MySQL8Dialect does not need to be specified explicitly using 'hibernate.dialect' (remove the property setting and it will be selected by default)
[2025-02-15 10:58:22] [main] WARN  org.hibernate.orm.deprecation - HHH90000026: MySQL8Dialect has been deprecated; use org.hibernate.dialect.MySQLDialect instead
[2025-02-15 10:58:23] [main] INFO  org.hibernate.orm.connections.pooling - HHH10001005: Database info:
	Database JDBC URL [jdbc:mysql://37.187.37.143:3306/Alumnos16?zeroDateTimeBehavior=CONVERT_TO_NULL]
	Database driver: com.mysql.cj.jdbc.Driver
	Database version: 8.0
	Autocommit mode: false
	Isolation level: undefined/unknown
	Minimum pool size: 1
	Maximum pool size: 20
[2025-02-15 10:58:25] [main] INFO  org.hibernate.engine.transaction.jta.platform.internal.JtaPlatformInitiator - HHH000489: No JTA platform available (set 'hibernate.transaction.jta.platform' to enable JTA platform integration)
[2025-02-15 10:58:25] [main] INFO  org.hibernate.orm.connections.access - HHH10001501: Connection obtained from JdbcConnectionAccess [org.hibernate.engine.jdbc.env.internal.JdbcEnvironmentInitiator$ConnectionProviderJdbcConnectionAccess@7e3ee128] for (non-JTA) DDL execution was not in auto-commit mode; the Connection 'local transaction' will be committed and the Connection will be set into auto-commit mode.
[2025-02-15 10:58:55] [main] ERROR com.mycompany.tarea17.model.dao.AlumnoDAOImpl - No se ha podido realizar la operacin ->java.lang.IllegalArgumentException: org.hibernate.query.sqm.UnknownPathException: Could not resolve attribute 'Apellidos' of 'com.mycompany.tarea17.model.entities.AlumnoHB' [DELETE FROM Alumno a WHERE a.Apellidos LIKE "%:palabra%"
]
